<?xml version="1.0" encoding="utf-8"?>
<TestRun id="3c93e263-8560-4d59-acc4-1d1eda684df4" name="ASUS@KAI 2025-12-04 19:44:53" runUser="KAI\ASUS" xmlns="http://microsoft.com/schemas/VisualStudio/TeamTest/2010">
  <Times creation="2025-12-04T19:44:53.6992672-06:00" queuing="2025-12-04T19:44:53.6992680-06:00" start="2025-12-04T19:44:31.8996813-06:00" finish="2025-12-04T19:44:53.8505925-06:00" />
  <TestSettings name="default" id="4b99912f-bb00-4a97-ab1f-13785556533a">
    <Deployment runDeploymentRoot="ASUS_KAI_2025-12-04_19_44_53" />
  </TestSettings>
  <Results>
    <UnitTestResult executionId="1f078d0f-56eb-4fca-be59-20fb6295cdcd" testId="632c2ae7-fa51-ed6b-05f9-0fd8da98a7a6" testName="KaiAssistant.Tests.ServiceRegistrationTests.ServiceProvider_Resolves_EssentialServices" computerName="KAI" duration="00:00:11.5309866" startTime="2025-12-04T19:44:53.5666351-06:00" endTime="2025-12-04T19:44:53.5667642-06:00" testType="13cdc9d9-ddb5-4fa4-a97d-d965ccfc6d4b" outcome="Passed" testListId="8c84fa94-04c1-424b-9868-57a2d4851a1d" relativeResultsDirectory="1f078d0f-56eb-4fca-be59-20fb6295cdcd" />
    <UnitTestResult executionId="faccb5b9-91ed-4c4d-a0dc-2f73e15f8650" testId="d1576a08-da6b-4378-d5e8-d0464eea8f53" testName="KaiAssistant.Tests.ServiceRegistrationTests.ServiceProvider_Resolves_Mcp_When_Configured" computerName="KAI" duration="00:00:00.0182679" startTime="2025-12-04T19:44:53.6113456-06:00" endTime="2025-12-04T19:44:53.6113459-06:00" testType="13cdc9d9-ddb5-4fa4-a97d-d965ccfc6d4b" outcome="Passed" testListId="8c84fa94-04c1-424b-9868-57a2d4851a1d" relativeResultsDirectory="faccb5b9-91ed-4c4d-a0dc-2f73e15f8650" />
  </Results>
  <TestDefinitions>
    <UnitTest name="KaiAssistant.Tests.ServiceRegistrationTests.ServiceProvider_Resolves_Mcp_When_Configured" storage="d:\personal\my achievement\self\portfolio\backend\kaiassistant.tests\bin\debug\net10.0\kaiassistant.tests.dll" id="d1576a08-da6b-4378-d5e8-d0464eea8f53">
      <Execution id="faccb5b9-91ed-4c4d-a0dc-2f73e15f8650" />
      <TestMethod codeBase="D:\Personal\My Achievement\Self\Portfolio\backend\KaiAssistant.Tests\bin\Debug\net10.0\KaiAssistant.Tests.dll" adapterTypeName="executor://xunit/VsTestRunner2/netcoreapp" className="KaiAssistant.Tests.ServiceRegistrationTests" name="ServiceProvider_Resolves_Mcp_When_Configured" />
    </UnitTest>
    <UnitTest name="KaiAssistant.Tests.ServiceRegistrationTests.ServiceProvider_Resolves_EssentialServices" storage="d:\personal\my achievement\self\portfolio\backend\kaiassistant.tests\bin\debug\net10.0\kaiassistant.tests.dll" id="632c2ae7-fa51-ed6b-05f9-0fd8da98a7a6">
      <Execution id="1f078d0f-56eb-4fca-be59-20fb6295cdcd" />
      <TestMethod codeBase="D:\Personal\My Achievement\Self\Portfolio\backend\KaiAssistant.Tests\bin\Debug\net10.0\KaiAssistant.Tests.dll" adapterTypeName="executor://xunit/VsTestRunner2/netcoreapp" className="KaiAssistant.Tests.ServiceRegistrationTests" name="ServiceProvider_Resolves_EssentialServices" />
    </UnitTest>
  </TestDefinitions>
  <TestEntries>
    <TestEntry testId="632c2ae7-fa51-ed6b-05f9-0fd8da98a7a6" executionId="1f078d0f-56eb-4fca-be59-20fb6295cdcd" testListId="8c84fa94-04c1-424b-9868-57a2d4851a1d" />
    <TestEntry testId="d1576a08-da6b-4378-d5e8-d0464eea8f53" executionId="faccb5b9-91ed-4c4d-a0dc-2f73e15f8650" testListId="8c84fa94-04c1-424b-9868-57a2d4851a1d" />
  </TestEntries>
  <TestLists>
    <TestList name="Results Not in a List" id="8c84fa94-04c1-424b-9868-57a2d4851a1d" />
    <TestList name="All Loaded Results" id="19431567-8539-422a-85d7-44ee4e166bda" />
  </TestLists>
  <ResultSummary outcome="Completed">
    <Counters total="2" executed="2" passed="2" failed="0" error="0" timeout="0" aborted="0" inconclusive="0" passedButRunAborted="0" notRunnable="0" notExecuted="0" disconnected="0" warning="0" completed="0" inProgress="0" pending="0" />
    <Output>
      <StdOut>[xUnit.net 00:00:00.01] xUnit.net VSTest Adapter v2.8.0+6438bb880a (64-bit .NET 10.0.0)&#xD;
[xUnit.net 00:00:02.74]   Discovering: KaiAssistant.Tests&#xD;
[xUnit.net 00:00:02.93]   Discovered:  KaiAssistant.Tests&#xD;
[xUnit.net 00:00:02.94]   Starting:    KaiAssistant.Tests&#xD;
[xUnit.net 00:00:14.63]   Finished:    KaiAssistant.Tests&#xD;
</StdOut>
    </Output>
  </ResultSummary>
</TestRun>